1719893810128	geckodriver	INFO	Listening on 127.0.0.1:60842
1719893810692	mozrunner::runner	INFO	Running command: MOZ_CRASHREPORTER="1" MOZ_CRASHREPORTER_NO_REPORT="1" MOZ_CRASHREPORTER_SHUTDOWN="1" MOZ_NO_REMOTE="1" "/App ... "--marionette" "-foreground" "-no-remote" "-profile" "/var/folders/dv/qwspr4sx6qjfkcywhq4tdqg00000gn/T/rust_mozprofilejrMVE1"
console.warn: services.settings: Ignoring preference override of remote settings server
console.warn: services.settings: Allow by setting MOZ_REMOTE_SETTINGS_DEVTOOLS=1 in the environment
1719893811352	Marionette	INFO	Marionette enabled
1719893812028	Marionette	INFO	Listening on port 60854
1719893812100	RemoteAgent	WARN	TLS certificate errors will be ignored for this session
JavaScript error: resource://gre/modules/PrivateBrowsingUtils.sys.mjs, line 19: TypeError: aWindow is null
JavaScript warning: https://www.google.com/, line 15: Script terminated by timeout at:
r/</<@https://www.google.com/:15:694

1719893842916	addons.xpi	ERROR	System addon update list error SyntaxError: XMLHttpRequest.open: 'http://%(server)s/dummy-system-addons.xml' is not a valid URL.
1719893945726	geckodriver	INFO	Listening on 127.0.0.1:60920
1719893946523	mozrunner::runner	INFO	Running command: MOZ_CRASHREPORTER="1" MOZ_CRASHREPORTER_NO_REPORT="1" MOZ_CRASHREPORTER_SHUTDOWN="1" MOZ_NO_REMOTE="1" "/App ... e" "-headless" "-foreground" "-no-remote" "-profile" "/var/folders/dv/qwspr4sx6qjfkcywhq4tdqg00000gn/T/rust_mozprofilegVTur6"
*** You are running in headless mode.
console.warn: services.settings: Ignoring preference override of remote settings server
console.warn: services.settings: Allow by setting MOZ_REMOTE_SETTINGS_DEVTOOLS=1 in the environment
1719893947046	Marionette	INFO	Marionette enabled
1719893947457	Marionette	INFO	Listening on port 60931
1719893947749	RemoteAgent	WARN	TLS certificate errors will be ignored for this session
[GFX1-]: RenderCompositorSWGL failed mapping default framebuffer, no dt
Exiting due to channel error.
Exiting due to channel error.
Exiting due to channel error.
Exiting due to channel error.
1719893979230	addons.xpi	ERROR	System addon update list error SyntaxError: XMLHttpRequest.open: 'http://%(server)s/dummy-system-addons.xml' is not a valid URL.
1719894972330	geckodriver	INFO	Listening on 127.0.0.1:49542
1719894973072	mozrunner::runner	INFO	Running command: MOZ_CRASHREPORTER="1" MOZ_CRASHREPORTER_NO_REPORT="1" MOZ_CRASHREPORTER_SHUTDOWN="1" MOZ_NO_REMOTE="1" "/App ... "--marionette" "-foreground" "-no-remote" "-profile" "/var/folders/dv/qwspr4sx6qjfkcywhq4tdqg00000gn/T/rust_mozprofilezZT0uF"
console.warn: services.settings: Ignoring preference override of remote settings server
console.warn: services.settings: Allow by setting MOZ_REMOTE_SETTINGS_DEVTOOLS=1 in the environment
1719894973669	Marionette	INFO	Marionette enabled
1719894974218	Marionette	INFO	Listening on port 49558
1719894974425	RemoteAgent	WARN	TLS certificate errors will be ignored for this session
1719894996678	Marionette	WARN	Ignoring event 'pageshow' because document has an invalid readyState of 'interactive'.
1719895004902	addons.xpi	ERROR	System addon update list error SyntaxError: XMLHttpRequest.open: 'http://%(server)s/dummy-system-addons.xml' is not a valid URL.
JavaScript warning: https://www.google.com/, line 15: Script terminated by timeout at:
r/</<@https://www.google.com/:15:694

1719895035756	Marionette	INFO	Stopped listening on port 49558
JavaScript error: chrome://remote/content/marionette/cert.sys.mjs, line 47: NS_ERROR_NOT_AVAILABLE: Component returned failure code: 0x80040111 (NS_ERROR_NOT_AVAILABLE) [nsICertOverrideService.setDisableAllSecurityChecksAndLetAttackersInterceptMyData]
1719897077971	geckodriver	INFO	Listening on 127.0.0.1:49646
1719897078735	mozrunner::runner	INFO	Running command: MOZ_CRASHREPORTER="1" MOZ_CRASHREPORTER_NO_REPORT="1" MOZ_CRASHREPORTER_SHUTDOWN="1" MOZ_NO_REMOTE="1" "/App ... "--marionette" "-foreground" "-no-remote" "-profile" "/var/folders/dv/qwspr4sx6qjfkcywhq4tdqg00000gn/T/rust_mozprofileYsUvnN"
console.warn: services.settings: Ignoring preference override of remote settings server
console.warn: services.settings: Allow by setting MOZ_REMOTE_SETTINGS_DEVTOOLS=1 in the environment
1719897079242	Marionette	INFO	Marionette enabled
1719897079816	Marionette	INFO	Listening on port 49658
1719897080198	RemoteAgent	WARN	TLS certificate errors will be ignored for this session
1719897109367	addons.xpi	ERROR	System addon update list error SyntaxError: XMLHttpRequest.open: 'http://%(server)s/dummy-system-addons.xml' is not a valid URL.
console.error: ({})
1719897427294	geckodriver	INFO	Listening on 127.0.0.1:49813
1719897427630	mozrunner::runner	INFO	Running command: MOZ_CRASHREPORTER="1" MOZ_CRASHREPORTER_NO_REPORT="1" MOZ_CRASHREPORTER_SHUTDOWN="1" MOZ_NO_REMOTE="1" "/App ... "--marionette" "-foreground" "-no-remote" "-profile" "/var/folders/dv/qwspr4sx6qjfkcywhq4tdqg00000gn/T/rust_mozprofilebL7tk8"
console.warn: services.settings: Ignoring preference override of remote settings server
console.warn: services.settings: Allow by setting MOZ_REMOTE_SETTINGS_DEVTOOLS=1 in the environment
1719897429370	Marionette	INFO	Marionette enabled
1719897431243	Marionette	INFO	Listening on port 49824
1719897431645	RemoteAgent	WARN	TLS certificate errors will be ignored for this session
JavaScript error: resource:///modules/sessionstore/SessionStore.sys.mjs, line 3608: TypeError: this._windows[aWindow.__SSi] is undefined
1719897455175	Marionette	INFO	Stopped listening on port 49824
1719897479596	Marionette	INFO	Stopped listening on port 49658
console.error: "Failed to fetch https://spocs.getpocket.com/user:" "NetworkError when attempting to fetch resource."
console.warn: TopSitesFeed: Failed to fetch data from Contile server: NetworkError when attempting to fetch resource.
JavaScript error: chrome://remote/content/marionette/cert.sys.mjs, line 47: NS_ERROR_NOT_AVAILABLE: Component returned failure code: 0x80040111 (NS_ERROR_NOT_AVAILABLE) [nsICertOverrideService.setDisableAllSecurityChecksAndLetAttackersInterceptMyData]
