detailTransExport2024-06-15__d3fd5033-fed4-479c-8f17-c729032521e7.xlsx
detailTransExport2024-06-16__5a10f7a3-6330-4e30-8814-9b4e0a40183f.xlsx
detailTransExport2024-06-17__cf556808-abf3-41cd-a07c-ed6c73f00bf7.xlsx
detailTransExport2024-06-18__e776ac2b-5e41-4e9c-9cd3-047b55474da6.xlsx
detailTransExport2024-06-19__6f87dd72-211e-4a5b-9c73-3935ded13787.xlsx
detailTransExport2024-06-20__6aa76d11-a63b-4988-9ab4-c6899d8947b0.xlsx
detailTransExport2024-06-21__c7814487-c61f-43ab-a183-c850ceeaae22.xlsx
detailTransExport2024-06-22__a91cca7c-d648-4134-ade0-05ba3971f8f1.xlsx
detailTransExport2024-06-23__0909e2a5-b6d6-4c49-89bc-ff803f419cc5.xlsx
detailTransExport2024-06-24__e3ff305d-2668-44f9-a58e-c9f58f47c780.xlsx
detailTransExport2024-06-25__c7e0db98-1124-4bfe-9870-74297a561fad.xlsx
detailTransExport2024-06-26__a266c0b4-bb1e-4479-896a-d1e5e5eb0afc.xlsx
detailTransExport2024-06-27__6b7dc416-ac95-46f1-9184-fdd485588fb6.xlsx
detailTransExport2024-06-28__403fe7e1-18bb-4934-8799-e9acf061e249.xlsx
detailTransExport2024-06-29__8080ab37-a998-42ca-a29a-e0ebb36722b3.xlsx
detailTransExport2024-06-30__1a69008b-72de-440b-af3c-7b12d9f7a72d.xlsx
detailTransExport2024-07-01__2d8ae62a-1bfb-4dbf-b3fe-7388d8458656.xlsx
detailTransExport2024-07-02__85645aa7-1b87-4b0e-b72b-79414fa801a1.xlsx
detailTransExport2024-07-03__0e685bdd-2af2-4208-8bdf-b87605fd2169.xlsx
detailTransExport2024-07-04__9de4dc39-c9db-44e8-a6aa-683277748508.xlsx
detailTransExport2024-07-05__25bb01c0-83f3-48bf-b85c-e646a7420d14.xlsx
detailTransExport2024-07-06__786b8329-ad13-4bfe-bce3-60a336ff0900.xlsx
detailTransExport2024-07-07__911e6071-2de8-4641-99e8-b39848cb47e2.xlsx
detailTransExport2024-07-08__21a7f9d2-c6d4-4565-9cdb-dd5a273cf450.xlsx
detailTransExport2024-07-09__e0017b4f-2d0f-45e2-9881-1c42e4a26220.xlsx
detailTransExport2024-07-10__ca00778a-246a-4352-9ec4-25bf1bb96a3c.xlsx
detailTransExport2024-07-11__705e13b7-81c3-4862-92a0-c03578e594af.xlsx
detailTransExport2024-07-12__4dcda209-4961-41c1-b614-ea924d532547.xlsx
detailTransExport2024-07-13__2a0d5ffc-4628-4c76-9d18-70780635b722.xlsx
detailTransExport2024-07-14__93966ae5-9dc2-40ed-afa1-0dd06cf26f21.xlsx
detailTransExport2024-07-15__e9a02a22-aa4f-4e95-b623-46b2bac68771.xlsx
detailTransExport2024-07-16__cd1ede71-a2a6-46b3-adcf-17301f3af5e3.xlsx
detailTransExport2024-07-17__8822d6e2-32e3-445a-aa3d-e0e679cb1dd4.xlsx
detailTransExport2024-07-18__d49b25fa-5ffc-43d6-99dd-a825cd2fec46.xlsx
detailTransExport2024-07-19__000b3db0-53af-4975-8f88-a1514f49c428.xlsx
detailTransExport2024-07-20__b2831f46-5663-48be-9720-e8d0f9f51764.xlsx
detailTransExport2024-07-21__cdb165a3-3117-4496-b042-12d1b6be5e82.xlsx
detailTransExport2024-07-22__0ebaf20b-bae2-485c-b628-40e2eaf7ae7c.xlsx
detailTransExport2024-07-23__838255ee-30f6-4af2-982b-b4e8b83d78e2.xlsx
detailTransExport2024-07-24__593f03d8-f35b-4d47-aa69-0c8aefe6ab7a.xlsx
detailTransExport2024-07-25__d685e0dc-498a-42bb-afda-95c8c2dfda72.xlsx
detailTransExport2024-07-26__f3504e8a-9791-4798-a067-3dfbf3d5b9c1.xlsx
detailTransExport2024-07-27__5623f11d-41bf-4b2a-a64d-4b7b99c07dc5.xlsx
detailTransExport2024-07-28__e38029f3-9ca9-4904-bb0c-b43e46fb0821.xlsx
detailTransExport2024-07-29__cd8cdded-cb01-46a7-b669-26dfedf73936.xlsx
detailTransExport2024-07-30__a2317949-3b53-47f5-9406-e31a3394d77d.xlsx
detailTransExport2024-07-31__7e4315fb-dfd9-46b8-991d-7bde4c8b22a9.xlsx
detailTransExport2024-08-01__e20cc26e-dd20-4390-978d-3309fc3ce298.xlsx
detailTransExport2024-08-02__3d10a666-2d71-4673-b49a-724f3c31d742.xlsx
detailTransExport2024-08-03__44639498-a5d7-47f7-a0b8-b6ceea52c254.xlsx
detailTransExport2024-08-04__20f0d4be-7dbf-4b34-916b-1cd148872b0a.xlsx
detailTransExport2024-08-05__b603ce1f-9b5f-451e-ac0b-f7c4066c0036.xlsx
detailTransExport2024-08-06__6ba78b35-ffe8-4b13-8dca-f435d2a46e9b.xlsx
detailTransExport2024-08-07__e9eef1fc-2139-40d5-b0f9-dd2b5045f39e.xlsx
detailTransExport2024-08-08__d4c7b607-058e-4332-892f-e66517867b36.xlsx
detailTransExport2024-08-09__45ee2b9b-47f8-4e7d-840d-81a2034b2960.xlsx
detailTransExport2024-08-10__a56d8fa0-eb38-412a-af14-ead7f61334e1.xlsx
detailTransExport2024-08-11__0f83e857-e486-45a9-9170-d881aaf956fe.xlsx
detailTransExport2024-08-12__64f3d11e-1e04-486e-807a-c9f161a9428a.xlsx
detailTransExport2024-08-13__0615a669-d15c-4e36-ae70-a12eeae76597.xlsx
detailTransExport2024-08-14__a878dead-2051-4cc5-a236-5c3bb903f02d.xlsx
detailTransExport2024-08-15__bbdae74c-c03f-497b-9cc9-4f1ef7686411.xlsx
detailTransExport2024-08-16__ae17ae5c-b153-43f6-b2a4-93c387827764.xlsx
detailTransExport2024-08-17__443da0cd-dde9-4ec8-bfa2-cfb37a2bab3b.xlsx
detailTransExport2024-08-18__7511e76b-6c3a-46df-b427-49d2face2980.xlsx
detailTransExport2024-08-19__9adc8fac-259f-4e5d-869e-435793adfe6c.xlsx
detailTransExport2024-08-20__b4f96728-a73f-4f1f-ab8b-cdac0aaee9fe.xlsx
detailTransExport2024-08-21__ac782d08-4583-4393-92be-a96e49c23d89.xlsx
detailTransExport2024-08-22__ec1206da-b327-4652-acd2-0cb897d4b2a0.xlsx
detailTransExport2024-08-23__6cecc38d-a9d5-4f66-8ed4-fe940ebdd667.xlsx
detailTransExport2024-08-24__ab1fbe95-6154-4f8d-bf13-aab885c52902.xlsx
detailTransExport2024-08-25__12af0ff0-353e-4bcf-85b1-b9cd5048ba36.xlsx
detailTransExport2024-08-26__f321ae03-635f-4c15-bd82-555a89019a35.xlsx
detailTransExport2024-08-27__48164acc-186b-4552-ae15-6cb4500b503c.xlsx
detailTransExport2024-08-28__f1c4332b-6b99-49c7-8820-f7f7a8190095.xlsx
detailTransExport2024-08-29__2a33f1b1-243c-497a-80bb-35529bdfecc9.xlsx
detailTransExport2024-08-30__f1445372-c48b-487f-b2ef-f9aa3b66641d.xlsx
detailTransExport2024-08-31__70ed4e11-22f5-43e4-adea-639e6cec2cc0.xlsx
detailTransExport2024-09-01__32324c1a-423f-4225-b95c-cc875ab89f0d.xlsx
detailTransExport2024-09-02__952587e7-cb63-4873-8964-786d3603ecbe.xlsx
detailTransExport2024-09-03__5ab652da-03d2-4b73-b100-cef5b16dae43.xlsx
detailTransExport2024-09-04__268d0932-c13b-472d-affe-28ba0e3683bc.xlsx
detailTransExport2024-09-05__6a4dd027-59e4-4fa5-89e8-e27951ea145c.xlsx
detailTransExport2024-09-06__a6426bb7-2765-419d-ab95-5dc9cebce253.xlsx
detailTransExport2024-09-07__213daf7c-dab1-4b0c-a199-d411bb0d262a.xlsx
detailTransExport2024-09-08__fa29d0cf-4817-435d-b6d6-a3166612798f.xlsx
detailTransExport2024-09-09__196e5f60-87bc-46c4-9b0a-07fda37a1872.xlsx
detailTransExport2024-09-10__527d39c8-434b-4537-8744-fafb0a01aa82.xlsx
detailTransExport2024-09-11__db1219da-7137-4aff-a5d4-84ca852b56f2.xlsx
detailTransExport2024-09-12__9735cc47-8a89-412e-bdff-78ba9d824ed3.xlsx
detailTransExport2024-09-13__da766ca5-7351-4067-8afb-0b6eac803a70.xlsx
detailTransExport2024-09-14__02c57c21-7b43-4ebc-a6d5-e4fea886d82d.xlsx
detailTransExport2024-09-15__0eae0368-b834-4a30-86b3-ccc4b390c579.xlsx
detailTransExport2024-09-16__4ae4916b-e669-40c9-87af-2be644d8c98f.xlsx
detailTransExport2024-09-17__6e2866af-f6d9-4b6f-b583-cd8a94c8c72a.xlsx
detailTransExport2024-09-18__dd2e11dc-2280-430e-b2c1-810f40f5b717.xlsx
detailTransExport2024-09-19__e05ebc21-334a-4bb3-806f-f37763ee749d.xlsx
detailTransExport2024-09-20__e4defb90-3004-4cb2-8008-96a3db397fed.xlsx
detailTransExport2024-09-21__0f260a6e-6479-4338-952d-a66b6b60c414.xlsx
detailTransExport2024-09-22__6534a4c1-7067-43f8-96ed-b1eedb7c5705.xlsx
detailTransExport2024-09-23__b03345f6-0e84-4d5c-8643-8d0c916b92e8.xlsx
detailTransExport2024-09-24__f30126e9-bd73-41e6-b319-e03f8807c42d.xlsx
detailTransExport2024-09-25__385edc14-2594-455a-a71f-4c32626e02f6.xlsx
detailTransExport2024-09-26__d40d30c3-cf44-4bd0-9b14-ca825f0ccb4c.xlsx
detailTransExport2024-09-27__1e04baee-1465-4dfa-8d70-1f066b3faf1e.xlsx
detailTransExport2024-09-28__38b8749a-621f-422d-bb2c-21598f1746ac.xlsx
detailTransExport2024-09-29__df8656ac-ff34-4b03-90f8-47a0018788f2.xlsx
detailTransExport2024-09-30__df384bae-6934-4ba1-8544-c63025e6e7f0.xlsx
detailTransExport2024-10-01__19d63cbd-092a-4f69-8ab8-b0059474d316.xlsx
detailTransExport2024-10-02__e0d5c70b-6722-45ab-a73d-91d79ef45700.xlsx
detailTransExport2024-10-03__614c8d69-843b-41b2-9750-29ce6402f0a6.xlsx
detailTransExport2024-10-04__eb69ce8d-e653-4204-a371-79278f9841d3.xlsx
detailTransExport2024-10-05__5d3a59bc-b202-46c3-8ffd-8dc40d381777.xlsx
detailTransExport2024-10-06__0198bea5-a880-47ae-a21a-3834acd47166.xlsx
detailTransExport2024-10-07__86c6c627-44b5-4035-bb68-ff2d9feaa7ec.xlsx
detailTransExport2024-10-08__6d0d010e-ed0f-44e3-b747-1083e5a12e0b.xlsx
detailTransExport2024-10-09__08abe088-1808-491d-9dbd-b09f8e371191.xlsx
detailTransExport2024-10-10__b765aa52-c0d6-4c12-9dfb-adff65318ba4.xlsx
detailTransExport2024-10-11__f6bb0aa6-8cd1-4f05-93c4-015694a566b4.xlsx
detailTransExport2024-10-12__9790b1f7-7342-4152-824e-ee66fd99fa9f.xlsx
detailTransExport2024-10-13__281bfdc0-73d2-4f7a-a556-5bdd3659f8a8.xlsx
detailTransExport2024-10-14__b6697e59-1e23-4e08-9918-93e08fa59a63.xlsx
detailTransExport2024-10-15__8a6661f8-8c2f-4cf5-b516-cb3948e10747.xlsx
detailTransExport2024-10-16__c9bfa0d1-bad5-4ac9-9c6b-6451d27d7241.xlsx
detailTransExport2024-10-17__ed460e59-bcc4-4774-83c3-2e9a3dabd7f1.xlsx
detailTransExport2024-10-18__90a56999-6bb4-41ca-9544-dc28468f7b6d.xlsx
detailTransExport2024-10-19__e17831cf-d039-48d5-a4c8-dc4ec98c4f20.xlsx
detailTransExport2024-10-20__70dfe500-5966-48b1-9560-4904d14571ff.xlsx
detailTransExport2024-10-21__2bfbee5e-7648-4bf1-9d4b-aac8d36cd652.xlsx
detailTransExport2024-10-22__8ce1966c-3e2d-468f-adb7-ca4346f82bea.xlsx
detailTransExport2024-10-23__693c5bd5-8748-417e-a4ae-e231c286e3bc.xlsx
detailTransExport2024-10-24__bb060e06-c9b9-42fe-b53f-452f6ac09f3e.xlsx
detailTransExport2024-10-25__dfea03ad-8b7b-43e6-b398-9f6b706c7d16.xlsx
detailTransExport2024-10-26__e7e09c8d-f3eb-4eda-8b30-7481facf707b.xlsx
detailTransExport2024-10-27__accb8701-e178-4bb8-a094-1aa1a5f88353.xlsx
detailTransExport2024-10-28__78dcffdc-689a-4f05-8cd8-96143f8c01a4.xlsx
detailTransExport2024-10-29__e534c5fc-4498-44b0-a00d-a61558c58635.xlsx
detailTransExport2024-10-30__55751487-ff39-46d9-994f-e1ad34327413.xlsx
detailTransExport2024-10-31__b30d6210-6e96-4c04-b0f8-47a73c2b1460.xlsx
detailTransExport2024-11-01__bbcd4295-bf2c-425d-9982-c5c4c648cd77.xlsx
detailTransExport2024-11-02__867f9452-e45d-4429-812f-c1b4e6e7a795.xlsx
detailTransExport2024-11-03__5f9bbe9e-ccb7-402c-9d0f-af231f924938.xlsx
detailTransExport2024-11-04__59239b2d-0fd1-454c-9469-a70efbaf5c3d.xlsx
detailTransExport2024-11-05__b2910967-f347-4de7-b867-98755b648290.xlsx
detailTransExport2024-11-06__a0b3a863-aab1-44ef-a228-408ac01d74c9.xlsx
detailTransExport2024-11-07__349988f6-0c9c-44e6-9409-d39255de45ef.xlsx
detailTransExport2024-11-08__e6d12c0a-0273-49c0-9157-a3e9d07b9ea2.xlsx
detailTransExport2024-11-09__677b845a-5cd7-473e-b042-8f6c6821e33e.xlsx
detailTransExport2024-11-10__26147c68-c7e5-4588-ab71-09a5ac04b33a.xlsx
detailTransExport2024-11-11__47e1a6a5-30ca-44a7-a496-8559984c53c7.xlsx
detailTransExport2024-11-12__e05c525b-6315-41f6-a564-f89ed0260c76.xlsx
detailTransExport2024-11-13__d0f2955b-8369-4309-b716-96ca9dfe74f1.xlsx
detailTransExport2024-11-14__ba4658ff-0ddb-4c0f-9303-cdf0395feafc.xlsx
detailTransExport2024-11-15__013ffb19-3b1d-4529-9aa9-2949371ca19a.xlsx
detailTransExport2024-11-16__6f16f24a-e589-4abb-88fb-60366ac34a28.xlsx
detailTransExport2024-11-17__3fa3c824-fd0a-4053-b4e3-b1d5813ea269.xlsx
detailTransExport2024-11-18__4a615d42-41a2-4fa5-b057-16213954f8a3.xlsx
detailTransExport2024-11-19__cb65c90e-addb-4a84-9908-0c72e8669716.xlsx
detailTransExport2024-11-20__87943521-451f-401f-bced-0c273a94be7a.xlsx
detailTransExport2024-11-21__a39425a2-05a2-45c6-8705-58d03b5b0631.xlsx
detailTransExport2024-11-22__96e6d8fa-2f72-45cd-8fbe-1248a0e0cf4b.xlsx
detailTransExport2024-11-23__52f873cf-2850-4734-a7e4-1517b3f8bceb.xlsx
detailTransExport2024-11-24__de4ad820-7e5a-4c8e-8b30-1f74d8e57bd6.xlsx
detailTransExport2024-11-25__54082b23-ad4a-4375-9700-9999f80650e6.xlsx
detailTransExport2024-11-26__db1e41d9-f3ea-46c4-9d77-e96b16067f91.xlsx
detailTransExport2024-11-27__1cf55962-8148-49d2-8e70-41823e3ef3e7.xlsx
detailTransExport2024-11-28__df0c9f39-80f4-41d5-ae95-5148db9b490f.xlsx
detailTransExport2024-11-29__841e2581-c6ed-49e1-b275-1976a386e3ba.xlsx
detailTransExport2024-11-30__a9392275-ab7b-4be2-b401-96b4e08c2ba7.xlsx
detailTransExport2024-12-01__a7cd3f73-7424-4389-895c-2ff3f20bb545.xlsx
detailTransExport2024-12-02__2339f5cd-9472-4e42-9666-090843e1600a.xlsx
detailTransExport2024-12-03__79353db8-7156-4580-9b86-ab24f9c10e79.xlsx
detailTransExport2024-12-04__eb58093c-853f-4699-b037-3c212ff9af0f.xlsx
detailTransExport2024-12-05__47ff19c2-7de9-4ea3-ba8e-39a2f1af4b73.xlsx
detailTransExport2024-12-06__87f1cf21-ab85-46a0-8931-3905c0541b6a.xlsx
detailTransExport2024-12-07__c47ddc5f-e89b-42e5-9fbe-e0975fca1114.xlsx
detailTransExport2024-12-08__a8260a19-920e-412a-bcde-038966eb7536.xlsx
detailTransExport2024-12-09__eb89fc2f-fbf7-42d1-ae58-00cf02e48136.xlsx
detailTransExport2024-12-10__af9afde7-f9f1-49f1-bf5b-5f8bad24eee0.xlsx
detailTransExport2024-12-11__f3df4ff0-cd8c-461a-8508-4e9bd033cf06.xlsx
detailTransExport2024-12-12__99b4d22a-db44-42c5-a03d-a8b51b35f696.xlsx
detailTransExport2024-12-13__56f1dc65-27f5-43ea-b69b-0b43de15f6ec.xlsx
detailTransExport2024-12-14__a6049883-967a-4216-b4d7-9db3d6f5af5c.xlsx
detailTransExport2024-12-15__27780900-b294-406b-a764-fc349fc72570.xlsx
detailTransExport2024-12-16__3c013649-e3f5-4b8c-98af-69fbdab1a5ec.xlsx
detailTransExport2024-12-17__e8e33fb9-9857-4955-93b4-65582054cc69.xlsx
detailTransExport2024-12-18__18b38d83-51db-4252-9699-c9ba43094b17.xlsx
detailTransExport2024-12-19__47da8a55-c0f0-4d32-bed8-30151959975a.xlsx
detailTransExport2024-12-20__ebedb45d-4d34-4490-a786-cced07bbb056.xlsx
detailTransExport2024-12-21__70ee89b3-7582-4e3e-b3ea-54ef467a4225.xlsx
detailTransExport2024-12-22__390f490e-ac4b-4602-9b07-c635a78928d6.xlsx
detailTransExport2024-12-23__c1ffbbae-8344-4d2c-9103-36ce6af2bd2c.xlsx
detailTransExport2024-12-24__2554c2d9-a2c6-4276-addd-37be779ac0fb.xlsx
detailTransExport2024-12-25__05c22971-119f-4209-9598-a4da2515b177.xlsx
detailTransExport2024-12-26__9a9eda7e-ddef-4fb6-baeb-89ffb290af63.xlsx
